<?xml version="1.0" encoding="UTF-8"?>
<testsuite name="MelodyTest" tests="1" skipped="0" failures="0" errors="0" timestamp="2023-10-15T21:15:58" hostname="LAPTOP-CA452G86" time="0.088">
  <properties/>
  <testcase name="AddFileToFinalMelody()" classname="MelodyTest" time="0.088"/>
  <system-out><![CDATA[]]></system-out>
  <system-err><![CDATA[]]></system-err>
</testsuite>
