<?xml version="1.0" encoding="UTF-8"?>
<testsuite name="MelodyTest" tests="2" skipped="0" failures="0" errors="0" timestamp="2023-10-15T21:44:41" hostname="LAPTOP-CA452G86" time="0.136">
  <properties/>
  <testcase name="AddFileToFinalMelody()" classname="MelodyTest" time="0.098"/>
  <testcase name="AddFilesToFinalMelody()" classname="MelodyTest" time="0.037"/>
  <system-out><![CDATA[]]></system-out>
  <system-err><![CDATA[]]></system-err>
</testsuite>
